0 info it worked if it ends with ok
1 verbose cli [ '/usr/local/bin/node',
1 verbose cli   '/usr/local/bin/npm',
1 verbose cli   'install',
1 verbose cli   '-g',
1 verbose cli   'ios-deploy' ]
2 info using npm@3.10.7
3 info using node@v6.3.1
4 silly loadCurrentTree Starting
5 silly install loadCurrentTree
6 silly install readGlobalPackageData
7 silly fetchPackageMetaData ios-deploy
8 silly fetchNamedPackageData ios-deploy
9 silly mapToRegistry name ios-deploy
10 silly mapToRegistry using default registry
11 silly mapToRegistry registry https://registry.npmjs.org/
12 silly mapToRegistry data Result {
12 silly mapToRegistry   raw: 'ios-deploy',
12 silly mapToRegistry   scope: null,
12 silly mapToRegistry   escapedName: 'ios-deploy',
12 silly mapToRegistry   name: 'ios-deploy',
12 silly mapToRegistry   rawSpec: '',
12 silly mapToRegistry   spec: 'latest',
12 silly mapToRegistry   type: 'tag' }
13 silly mapToRegistry uri https://registry.npmjs.org/ios-deploy
14 verbose request uri https://registry.npmjs.org/ios-deploy
15 verbose request no auth needed
16 info attempt registry request try #1 at 13:37:32
17 verbose request using bearer token for auth
18 verbose request id 401fbf1d7b886e91
19 verbose etag "5ALDUQ1GLDBEYMDJK8RUMV18V"
20 http request GET https://registry.npmjs.org/ios-deploy
21 http 304 https://registry.npmjs.org/ios-deploy
22 verbose headers { 'cache-control': 'max-age=300',
22 verbose headers   'accept-ranges': 'bytes',
22 verbose headers   date: 'Tue, 30 Aug 2016 11:37:33 GMT',
22 verbose headers   via: '1.1 varnish',
22 verbose headers   connection: 'keep-alive',
22 verbose headers   'x-served-by': 'cache-ams4432-AMS',
22 verbose headers   'x-cache': 'MISS',
22 verbose headers   'x-cache-hits': '0',
22 verbose headers   'x-timer': 'S1472557052.839779,VS0,VE724',
22 verbose headers   vary: 'Accept-Encoding' }
23 silly get cb [ 304,
23 silly get   { 'cache-control': 'max-age=300',
23 silly get     'accept-ranges': 'bytes',
23 silly get     date: 'Tue, 30 Aug 2016 11:37:33 GMT',
23 silly get     via: '1.1 varnish',
23 silly get     connection: 'keep-alive',
23 silly get     'x-served-by': 'cache-ams4432-AMS',
23 silly get     'x-cache': 'MISS',
23 silly get     'x-cache-hits': '0',
23 silly get     'x-timer': 'S1472557052.839779,VS0,VE724',
23 silly get     vary: 'Accept-Encoding' } ]
24 verbose etag https://registry.npmjs.org/ios-deploy from cache
25 verbose get saving ios-deploy to /Users/maartje/.npm/registry.npmjs.org/ios-deploy/.cache.json
26 verbose correctMkdir /Users/maartje/.npm correctMkdir not in flight; initializing
27 silly install normalizeTree
28 silly loadCurrentTree Finishing
29 silly loadIdealTree Starting
30 silly install loadIdealTree
31 silly cloneCurrentTree Starting
32 silly install cloneCurrentTreeToIdealTree
33 silly cloneCurrentTree Finishing
34 silly loadShrinkwrap Starting
35 silly install loadShrinkwrap
36 silly loadShrinkwrap Finishing
37 silly loadAllDepsIntoIdealTree Starting
38 silly install loadAllDepsIntoIdealTree
39 silly resolveWithNewModule ios-deploy@1.8.6 checking installable status
40 silly cache add args [ 'ios-deploy', null ]
41 verbose cache add spec ios-deploy
42 silly cache add parsed spec Result {
42 silly cache add   raw: 'ios-deploy',
42 silly cache add   scope: null,
42 silly cache add   escapedName: 'ios-deploy',
42 silly cache add   name: 'ios-deploy',
42 silly cache add   rawSpec: '',
42 silly cache add   spec: 'latest',
42 silly cache add   type: 'tag' }
43 silly addNamed ios-deploy@latest
44 verbose addNamed "latest" is being treated as a dist-tag for ios-deploy
45 info addNameTag [ 'ios-deploy', 'latest' ]
46 silly mapToRegistry name ios-deploy
47 silly mapToRegistry using default registry
48 silly mapToRegistry registry https://registry.npmjs.org/
49 silly mapToRegistry data Result {
49 silly mapToRegistry   raw: 'ios-deploy',
49 silly mapToRegistry   scope: null,
49 silly mapToRegistry   escapedName: 'ios-deploy',
49 silly mapToRegistry   name: 'ios-deploy',
49 silly mapToRegistry   rawSpec: '',
49 silly mapToRegistry   spec: 'latest',
49 silly mapToRegistry   type: 'tag' }
50 silly mapToRegistry uri https://registry.npmjs.org/ios-deploy
51 verbose addNameTag registry:https://registry.npmjs.org/ios-deploy not in flight; fetching
52 verbose get https://registry.npmjs.org/ios-deploy not expired, no request
53 silly addNameTag next cb for ios-deploy with tag latest
54 silly addNamed ios-deploy@1.8.6
55 verbose addNamed "1.8.6" is a plain semver version for ios-deploy
56 silly cache afterAdd ios-deploy@1.8.6
57 verbose afterAdd /Users/maartje/.npm/ios-deploy/1.8.6/package/package.json not in flight; writing
58 verbose correctMkdir /Users/maartje/.npm correctMkdir not in flight; initializing
59 verbose afterAdd /Users/maartje/.npm/ios-deploy/1.8.6/package/package.json written
60 silly loadAllDepsIntoIdealTree Finishing
61 silly loadIdealTree Finishing
62 silly currentTree lib
63 silly idealTree lib
63 silly idealTree └── ios-deploy@1.8.6
64 silly generateActionsToTake Starting
65 silly install generateActionsToTake
66 silly generateActionsToTake Finishing
67 silly diffTrees action count 1
68 silly diffTrees add ios-deploy@1.8.6
69 silly decomposeActions action count 8
70 silly decomposeActions fetch ios-deploy@1.8.6
71 silly decomposeActions extract ios-deploy@1.8.6
72 silly decomposeActions test ios-deploy@1.8.6
73 silly decomposeActions preinstall ios-deploy@1.8.6
74 silly decomposeActions build ios-deploy@1.8.6
75 silly decomposeActions install ios-deploy@1.8.6
76 silly decomposeActions postinstall ios-deploy@1.8.6
77 silly decomposeActions finalize ios-deploy@1.8.6
78 silly runTopLevelLifecycles Starting
79 silly executeActions Starting
80 silly install executeActions
81 silly doSerial global-install 0
82 silly doParallel fetch 1
83 verbose correctMkdir /Users/maartje/.npm/_locks correctMkdir not in flight; initializing
84 verbose lock using /Users/maartje/.npm/_locks/staging-3a08f0df5026584d.lock for /usr/local/lib/node_modules/.staging
85 silly doParallel extract 1
86 silly extract ios-deploy@1.8.6
87 verbose unbuild lib/node_modules/.staging/ios-deploy-298c9491
88 silly gentlyRm /usr/local/lib/node_modules/.staging/ios-deploy-298c9491 is being purged from base /usr/local
89 verbose gentlyRm don't care about contents; nuking /usr/local/lib/node_modules/.staging/ios-deploy-298c9491
90 verbose tar unpack /Users/maartje/.npm/ios-deploy/1.8.6/package.tgz
91 verbose tar unpacking to /usr/local/lib/node_modules/.staging/ios-deploy-298c9491
92 silly gentlyRm /usr/local/lib/node_modules/.staging/ios-deploy-298c9491 is being purged
93 verbose gentlyRm don't care about contents; nuking /usr/local/lib/node_modules/.staging/ios-deploy-298c9491
94 silly gunzTarPerm modes [ '755', '644' ]
95 silly gunzTarPerm extractEntry package.json
96 silly gunzTarPerm extractEntry .npmignore
97 silly gunzTarPerm extractEntry README.md
98 silly gunzTarPerm extractEntry LICENSE
99 silly gunzTarPerm extractEntry CONTRIBUTING.md
100 silly gunzTarPerm extractEntry demo/.npmignore
101 silly gunzTarPerm extractEntry demo/Entitlements.plist
102 silly gunzTarPerm extractEntry demo/Info.plist
103 silly gunzTarPerm extractEntry demo/Makefile
104 silly gunzTarPerm extractEntry demo/ResourceRules.plist
105 silly gunzTarPerm extractEntry demo/demo.c
106 silly gunzTarPerm extractEntry ios-deploy.xcodeproj/project.pbxproj
107 silly gunzTarPerm extractEntry ios-deploy.xcodeproj/project.xcworkspace/xcuserdata/shaz.xcuserdatad/UserInterfaceState.xcuserstate
108 silly gunzTarPerm extractEntry ios-deploy.xcodeproj/xcshareddata/xcschemes/ios-deploy-tests.xcscheme
109 silly gunzTarPerm extractEntry ios-deploy.xcodeproj/xcuserdata/shaz.xcuserdatad/xcschemes/ios-deploy-lib.xcscheme
110 silly gunzTarPerm extractEntry ios-deploy.xcodeproj/xcuserdata/shaz.xcuserdatad/xcschemes/ios-deploy.xcscheme
111 silly gunzTarPerm extractEntry ios-deploy.xcodeproj/xcuserdata/shaz.xcuserdatad/xcschemes/xcschememanagement.plist
112 silly gunzTarPerm extractEntry src/ios-deploy/MobileDevice.h
113 silly gunzTarPerm extractEntry src/ios-deploy/errors.h
114 silly gunzTarPerm extractEntry src/ios-deploy/ios-deploy.m
115 silly gunzTarPerm extractEntry src/ios-deploy/version.h
116 silly gunzTarPerm extractEntry src/ios-deploy-lib/libios_deploy.h
117 silly gunzTarPerm extractEntry src/ios-deploy-lib/libios_deploy.m
118 silly gunzTarPerm extractEntry src/ios-deploy-tests/Info.plist
119 silly gunzTarPerm extractEntry src/ios-deploy-tests/ios_deploy_tests.m
120 silly gunzTarPerm extractEntry src/scripts/check_reqs.js
121 silly gunzTarPerm extractEntry src/scripts/lldb.py
122 silly gentlyRm /usr/local/lib/node_modules/.staging/ios-deploy-298c9491/node_modules is being purged
123 verbose gentlyRm don't care about contents; nuking /usr/local/lib/node_modules/.staging/ios-deploy-298c9491/node_modules
124 silly doParallel preinstall 1
125 silly preinstall ios-deploy@1.8.6 /usr/local/lib/node_modules/.staging/ios-deploy-298c9491
126 info lifecycle ios-deploy@1.8.6~preinstall: ios-deploy@1.8.6
127 warn lifecycle ios-deploy@1.8.6~preinstall: cannot run in wd %s %s (wd=%s) ios-deploy@1.8.6 ./src/scripts/check_reqs.js && xcodebuild /usr/local/lib/node_modules/.staging/ios-deploy-298c9491
128 silly doReverseSerial remove 0
129 silly doSerial move 0
130 silly doSerial finalize 1
131 silly finalize /usr/local/lib/node_modules/ios-deploy
132 silly doSerial build 1
133 silly build ios-deploy@1.8.6
134 info linkStuff ios-deploy@1.8.6
135 silly linkStuff ios-deploy@1.8.6 has /usr/local/lib/node_modules as its parent node_modules
136 silly linkStuff ios-deploy@1.8.6 is part of a global install
137 silly linkStuff ios-deploy@1.8.6 is installed into a global node_modules
138 silly linkStuff ios-deploy@1.8.6 is installed into the top-level global node_modules
139 verbose linkBins ios-deploy@1.8.6
140 verbose link bins [ { 'ios-deploy': './build/Release/ios-deploy' },
140 verbose link bins   '/usr/local/bin',
140 verbose link bins   true ]
141 verbose linkMans ios-deploy@1.8.6
142 verbose unlock done using /Users/maartje/.npm/_locks/staging-3a08f0df5026584d.lock for /usr/local/lib/node_modules/.staging
143 silly rollbackFailedOptional Starting
144 silly rollbackFailedOptional Finishing
145 silly runTopLevelLifecycles Finishing
146 silly install printInstalled
147 verbose stack Error: ENOENT: no such file or directory, chmod '/usr/local/lib/node_modules/ios-deploy/build/Release/ios-deploy'
147 verbose stack     at Error (native)
148 verbose cwd /Users/maartje/Google Drive/Innovate/Projects/mobileplayer
149 error Darwin 16.0.0
150 error argv "/usr/local/bin/node" "/usr/local/bin/npm" "install" "-g" "ios-deploy"
151 error node v6.3.1
152 error npm  v3.10.7
153 error path /usr/local/lib/node_modules/ios-deploy/build/Release/ios-deploy
154 error code ENOENT
155 error errno -2
156 error syscall chmod
157 error enoent ENOENT: no such file or directory, chmod '/usr/local/lib/node_modules/ios-deploy/build/Release/ios-deploy'
158 error enoent ENOENT: no such file or directory, chmod '/usr/local/lib/node_modules/ios-deploy/build/Release/ios-deploy'
158 error enoent This is most likely not a problem with npm itself
158 error enoent and is related to npm not being able to find a file.
159 verbose exit [ -2, true ]
